[01:01:21.993860] [I] [thread 30024] [nesCoordinatorStarter.cpp:47] [main] start coordinator with Name: restIp
Description: NES ip of the REST server.
Value: 0.0.0.0
Default Value: 127.0.0.1

Name: coordinatorIp
Description: RPC IP address of NES Coordinator.
Value: 127.0.0.1
Default Value: 127.0.0.1

Name: rpcPort
Description: RPC server port of the Coordinator
Value: 12346
Default Value: 4000

Name: restPort
Description: Port exposed for rest endpoints
Value: 8081
Default Value: 8081

Name: logLevel
Description: The log level (LOG_NONE, LOG_WARNING, LOG_DEBUG, LOG_INFO, LOG_TRACE)
Value: LOG_INFO
Default Value: LOG_INFO

Name: enableQueryReconfiguration
Description: Enable reconfiguration of running query plans. (Default: false)
Value: 0
Default Value: 0

Name: enableMonitoring
Description: Enable monitoring
Value: 0
Default Value: 0

Name: configPath
Description: Path to configuration file.
Value: ./config/coordinator-micro-benchmark.yaml
Default Value: 

Name: workerId
Description: Worker id.
Value: 0
Default Value: 0

Name: localWorkerIp
Description: Worker IP.
Value: 127.0.0.1
Default Value: 127.0.0.1

Name: coordinatorIp
Description: Server IP of the NES Coordinator to which the NES Worker should connect.
Value: 127.0.0.1
Default Value: 127.0.0.1

Name: rpcPort
Description: RPC server port of the NES Worker.
Value: 0
Default Value: 0

Name: dataPort
Description: Data port of the NES Worker.
Value: 0
Default Value: 0

Name: coordinatorPort
Description: RPC server Port of the NES Coordinator to which the NES Worker should connect. Needs to be set and needs to be the same as rpcPort in Coordinator.
Value: 4000
Default Value: 4000

Name: numberOfSlots
Description: Number of computing slots for the NES Worker.
Value: 65535
Default Value: 65535

Name: bandwidthInMbps
Description: The link bandwidth in Mbps.
Value: 0
Default Value: 0

Name: latencyInMs
Description: The link latency in milliseconds.
Value: 0
Default Value: 0

Name: numWorkerThreads
Description: Number of worker threads.
Value: 1
Default Value: 1

Name: numberOfBuffersInGlobalBufferManager
Description: Number buffers in global buffer pool.
Value: 1024
Default Value: 1024

Name: numberOfBuffersPerWorker
Description: Number buffers in task local buffer pool.
Value: 128
Default Value: 128

Name: numberOfBuffersInSourceLocalBufferPool
Description: Number buffers in source local buffer pool.
Value: 64
Default Value: 64

Name: bufferSizeInBytes
Description: BufferSizeInBytes.
Value: 4096
Default Value: 4096

Name: parentId
Description: Parent ID of this node.
Value: 0
Default Value: 0

Name: logLevel
Description: The log level (LOG_NONE, LOG_WARNING, LOG_DEBUG, LOG_INFO, LOG_TRACE)
Value: LOG_INFO
Default Value: LOG_INFO

Name: sourcePinList
Description: comma separated list of where to map the sources
Value: 
Default Value: 

Name: workerPinList
Description: comma separated list of where to map the worker
Value: 
Default Value: 

Name: queuePinList
Description: comma separated list of where to map the worker on the queue
Value: 
Default Value: 

Name: numaAwareness
Description: Enable Numa-Aware execution
Value: 0
Default Value: 0

Name: enableMonitoring
Description: Enable monitoring
Value: 0
Default Value: 0

Name: monitoringWaitTime
Description: Sampling period of metrics (ms).
Value: 1000
Default Value: 1000

Name: queryCompilerType
Description: Indicates the type for the query compiler [DEFAULT_QUERY_COMPILER|NAUTILUS_QUERY_COMPILER].
Value: NAUTILUS_QUERY_COMPILER
Default Value: NAUTILUS_QUERY_COMPILER

Name: compilationStrategy
Description: Indicates the optimization strategy for the query compiler [FAST|DEBUG|OPTIMIZE|PROXY_INLINING].
Value: OPTIMIZE
Default Value: OPTIMIZE

Name: pipeliningStrategy
Description: Indicates the pipelining strategy for the query compiler [OPERATOR_FUSION|OPERATOR_AT_A_TIME].
Value: OPERATOR_FUSION
Default Value: OPERATOR_FUSION

Name: queryCompilerNautilusBackendConfig
Description: Indicates the nautilus backend for the nautilus query compiler [MLIR_COMPILER_BACKEND|INTERPRETER|BC_INTERPRETER_BACKEND|FLOUNDER_COMPILER_BACKEND].
Value: MLIR_COMPILER_BACKEND
Default Value: MLIR_COMPILER_BACKEND

Name: outputBufferOptimizationLevel
Description: Indicates the OutputBufferAllocationStrategy [ALL|NO|ONLY_INPLACE_OPERATIONS_NO_FALLBACK,|REUSE_INPUT_BUFFER_AND_OMIT_OVERFLOW_CHECK_NO_FALLBACK,|REUSE_INPUT_BUFFER_NO_FALLBACK|OMIT_OVERFLOW_CHECK_NO_FALLBACK]. 
Value: ALL
Default Value: ALL

Name: windowingStrategy
Description: Indicates the windowingStrategy [LEGACY|SLICING|BUCKETING]. 
Value: LEGACY
Default Value: LEGACY

Name: useCompilationCache
Description: Enable use compilation caching
Value: 0
Default Value: 0

Name: numberOfPartitions
Description: Partitions in the hash table
Value: 1
Default Value: 1

Name: pageSize
Description: Page size of hash table
Value: 131072
Default Value: 131072

Name: preAllocPageCnt
Description: Page count of pre allocated pages in each bucket hash table
Value: 1
Default Value: 1

Name: cudaSdkPath
Description: Path to CUDA SDK.
Value: /usr/local/cuda
Default Value: /usr/local/cuda

Name: maxHashTableSize
Description: Maximum size of hash table
Value: 2097152
Default Value: 2097152

Name: joinStrategy
Description: Indicates the windowingStrategy[HASH_JOIN_LOCAL|HASH_JOIN_GLOBAL_LOCKING|HASH_JOIN_GLOBAL_LOCK_FREE|NESTED_LOOP_JOIN]. 
Value: NESTED_LOOP_JOIN
Default Value: NESTED_LOOP_JOIN


Name: physicalSources
Description: Physical sources


Name: nodeSpatialType
Description: specifies if the worker has no known location or if it is a fixed location node or mobile node
Value: NO_LOCATION
Default Value: NO_LOCATION

Name: locationBufferSize
Description: The amount of past locations to be recorded in order to predict the future trajectory
Value: 30
Default Value: 30

Name: locationBufferSaveRate
Description: Determines after how many location updates a new location will be inserted in the location buffer
Value: 4
Default Value: 4

Name: pathDistanceDelta
Description: when deviating further than delta meters from the current predicted path, an update of the prediction will be triggered
Value: 20
Default Value: 20

Name: nodeInfoDownloadRadius
Description: The radius in meters in which nodes will be downloaded
Value: 10000
Default Value: 10000

Name: nodeIndexUpdateThreshold
Description: Trigger download of new node info when the device is less than threshold away from the boundary of the area covered by the current info
Value: 2000
Default Value: 2000

Name: defaultCoverageRadius
Description: The coverage in meters each field node is assumed to have
Value: 1000
Default Value: 1000

Name: pathPredictionLength
Description: The Length of the predicted path to be computed
Value: 10000
Default Value: 10000

Name: speedDifferenceThresholdFactor
Description: The factor by which the speed needs to change to trigger a recalculation of reconnect predictions
Value: 1e-05
Default Value: 1e-05

Name: sendDevicePositionUpdateThreshold
Description: The distance in meters after which the device will report it's new position in meters
Value: 100
Default Value: 100

Name: pushPositionUpdates
Description: determines if position updates should be sent to the coordinator
Value: 1
Default Value: 1

Name: mobilityHandlerUpdateInterval
Description: the time which the thread running at the worker mobility handler will sleep after each iteration
Value: 10000
Default Value: 10000

Name: locationProviderType
Description: the kind of interface which the  mobile worker gets its geolocation info from
Value: BASE
Default Value: BASE

Name: locationProviderConfig
Description: the configuration data for the location interface
Value: 
Default Value: 

Name: locationProviderSimulatedStartTime
Description: The start time to be simulated if device movement is simulated
Value: 0
Default Value: 0


Name: numberOfQueues
Description: Number of processing queues.
Value: 1
Default Value: 1

Name: numberOfThreadsPerQueue
Description: Number of threads per processing queue.
Value: 0
Default Value: 0

Name: numberOfBuffersPerEpoch
Description: Number of tuple buffers allowed in one epoch.
Value: 100
Default Value: 100

Name: queryManagerMode
Description: Which mode the query manager is running in. (Dynamic, Static, NumaAware, Invalid)
Value: Dynamic
Default Value: Dynamic

Name: enableSourceSharing
Description: Enable source sharing
Value: 0
Default Value: 0

Name: healthCheckWaitTime
Description: Number of seconds to wait between health checks
Value: 1
Default Value: 1

Name: configPath
Description: Path to configuration file.
Value: 
Default Value: 

Name: connectSinksAsync
Description: Let network sinks use a separate thread to establish a connection
Value: 0
Default Value: 0

Name: connectSourceEventChannelsAsync
Description: Let network sources use a separate thread to establish a the upstream event channel
Value: 0
Default Value: 0


Name: workerConfigPath
Description: Path to a configuration file for the internal worker.
Value: 
Default Value: 

Name: queryBatchSize
Description: The number of queryIdAndCatalogEntryMapping to be processed together
Value: 1
Default Value: 1

Name: queryMergerRule
Description: The rule to be used for performing query merging
Value: DefaultQueryMergerRule
Default Value: DefaultQueryMergerRule

Name: memoryLayoutPolicy
Description: selects the memory layout selection policy can be [FORCE_ROW_LAYOUT|FORCE_COLUMN_LAYOUT]
Value: FORCE_ROW_LAYOUT
Default Value: FORCE_ROW_LAYOUT

Name: performOnlySourceOperatorExpansion
Description: Perform only source operator duplication when applying Logical Source Expansion Rewrite Rule. (Default: false)
Value: 0
Default Value: 0

Name: performDistributedWindowOptimization
Description: Enables the distribution of window aggregations.
Value: 0
Default Value: 0

Name: distributedWindowChildThreshold
Description: Threshold for the distribution of window aggregations.
Value: 2
Default Value: 2

Name: distributedWindowCombinerThreshold
Description: Threshold for the insertion of pre-aggregation operators.
Value: 4
Default Value: 4

Name: performOnlySourceOperatorExpansion
Description: Perform only source operator duplication when applying Logical Source Expansion Rewrite Rule. (Default: false)
Value: 0
Default Value: 0

Name: advanceSemanticValidation
Description: Perform advance semantic validation on the incoming queryIdAndCatalogEntryMapping. (Default: false)
Value: 0
Default Value: 0

Name: enableNemoPlacement
Description: Enables NEMO distributed window rule to use central windows instead of the distributed windows. (Default: false)
Value: 0
Default Value: 0

Name: allowExhaustiveContainmentCheck
Description: Allow the containment based merging algorithms to identify if a newly arrived query contains an already running SQP.
Value: 0
Default Value: 0

Name: placementAmendmentMode
Description: selects the placement amender mode to use [PESSIMISTIC|OPTIMISTIC]
Value: PESSIMISTIC
Default Value: PESSIMISTIC


Name: logicalSources
Description: Logical Sources

Name: healthCheckWaitTime
Description: Number of seconds to wait between health checks
Value: 1
Default Value: 1

Name: restServerCorsAllowedOrigin
Description: The allowed origins to be set in the header of the responses to rest requests
Value: *
Default Value: *

Name: accelerateJavaUDFs
Description: Accelerate java UDFs.
Value: 0
Default Value: 0

Name: plannerServiceURL
Description: Complete URL for connecting with the ELEGANT planner.
Value: 
Default Value: 

Name: transferRate
Description: Network delay between two worker nodes in MBit/s
Value: 100
Default Value: 100



[01:01:21.993963] [I] [thread 30024] [nesCoordinatorStarter.cpp:49] [main] creating coordinator
[01:01:21.994445] [I] [thread 30024] [ExecutablePath.cpp:115] [loadRuntimePathConfig] RuntimePathConfig: 
clangBinaryPath: /home/xiao/codes/nebulastream/build/nes-llvm-16-v2/clang/bin/clang-16
includePaths: 
	/home/xiao/codes/nebulastream/build/include/nebulastream
libPaths:
	/home/xiao/codes/nebulastream/build/nes-client/
	/home/xiao/codes/nebulastream/build/nes-runtime/
	/home/xiao/codes/nebulastream/build/nes-common/
	/home/xiao/codes/nebulastream/build/nes-data-types/
	/home/xiao/codes/nebulastream/build/nes-operators/
[01:01:22.017987] [W] [thread 30024] [MonitoringManager.cpp:189] [registerLogicalMonitoringStreams] MonitoringManager: Monitoring is disabled, registering of logical monitoring streams not possible.
[01:01:22.018072] [I] [thread 30024] [nesCoordinatorStarter.cpp:52] [main] Starting Coordinator
[01:01:22.019555] [I] [thread 30031] [NesCoordinator.cpp:163] [operator()] NesCoordinator: started queryRequestProcessor
[01:01:22.022096] [I] [thread 30024] [PluginLoader.cpp:24] [loadDefaultPlugins] Found nes-plugins in local dir
[01:01:22.022708] [I] [thread 30024] [SystemResourcesReaderFactory.cpp:25] [getSystemResourcesReader] SystemResourcesReaderFactory: Linux detected, return LinuxSystemResourcesReader
[01:01:22.023028] [I] [thread 30024] [CpuCollector.cpp:29] [CpuCollector] CpuCollector: Init CpuCollector with schema node_id:INTEGER(64 bits) timestamp:INTEGER(64 bits) coreNum:INTEGER(64 bits) user:INTEGER(64 bits) nice:INTEGER(64 bits) system:INTEGER(64 bits) idle:INTEGER(64 bits) iowait:INTEGER(64 bits) irq:INTEGER(64 bits) softirq:INTEGER(64 bits) steal:INTEGER(64 bits) guest:INTEGER(64 bits) guestnice:INTEGER(64 bits)
[01:01:22.023075] [I] [thread 30024] [SystemResourcesReaderFactory.cpp:25] [getSystemResourcesReader] SystemResourcesReaderFactory: Linux detected, return LinuxSystemResourcesReader
[01:01:22.023151] [I] [thread 30024] [DiskCollector.cpp:30] [DiskCollector] DiskCollector: Init DiskCollector with schema node_id:INTEGER(64 bits) timestamp:INTEGER(64 bits) F_BSIZE:INTEGER(64 bits) F_FRSIZE:INTEGER(64 bits) F_BLOCKS:INTEGER(64 bits) F_BFREE:INTEGER(64 bits) F_BAVAIL:INTEGER(64 bits)
[01:01:22.023171] [I] [thread 30024] [SystemResourcesReaderFactory.cpp:25] [getSystemResourcesReader] SystemResourcesReaderFactory: Linux detected, return LinuxSystemResourcesReader
[01:01:22.023273] [I] [thread 30024] [MemoryCollector.cpp:29] [MemoryCollector] MemoryCollector: Init MemoryCollector with schema node_id:INTEGER(64 bits) timestamp:INTEGER(64 bits) TOTAL_RAM:INTEGER(64 bits) TOTAL_SWAP:INTEGER(64 bits) FREE_RAM:INTEGER(64 bits) SHARED_RAM:INTEGER(64 bits) BUFFER_RAM:INTEGER(64 bits) FREE_SWAP:INTEGER(64 bits) TOTAL_HIGH:INTEGER(64 bits) FREE_HIGH:INTEGER(64 bits) PROCS:INTEGER(64 bits) MEM_UNIT:INTEGER(64 bits) LOADS_1MIN:INTEGER(64 bits) LOADS_5MIN:INTEGER(64 bits) LOADS_15MIN:INTEGER(64 bits)
[01:01:22.023314] [I] [thread 30024] [SystemResourcesReaderFactory.cpp:25] [getSystemResourcesReader] SystemResourcesReaderFactory: Linux detected, return LinuxSystemResourcesReader
[01:01:22.023468] [I] [thread 30024] [NetworkCollector.cpp:30] [NetworkCollector] NetworkCollector: Init NetworkCollector with schema node_id:INTEGER(64 bits) timestamp:INTEGER(64 bits) name:INTEGER(64 bits) rBytes:INTEGER(64 bits) rPackets:INTEGER(64 bits) rErrs:INTEGER(64 bits) rDrop:INTEGER(64 bits) rFifo:INTEGER(64 bits) rFrame:INTEGER(64 bits) rCompressed:INTEGER(64 bits) rMulticast:INTEGER(64 bits) tBytes:INTEGER(64 bits) tPackets:INTEGER(64 bits) tErrs:INTEGER(64 bits) tDrop:INTEGER(64 bits) tFifo:INTEGER(64 bits) tColls:INTEGER(64 bits) tCarrier:INTEGER(64 bits) tCompressed:INTEGER(64 bits)
[01:01:22.023995] [W] [thread 30024] [MonitoringAgent.cpp:117] [addMonitoringStreams] MonitoringAgent: Monitoring is disabled, registering of physical monitoring streams not possible.
[01:01:22.041902] [W] [thread 30024] [NodeEngineBuilder.cpp:243] [createQueryCompilationOptions] The LEGACY window strategy is not supported by Nautilus. Switch to SLICING!
[01:01:22.042791] [W] [thread 30024] [ZmqServer.cpp:73] [ZmqServer] ZmqServer(127.0.0.1:0) numNetworkThreads is smaller than DEFAULT_NUM_SERVER_THREADS
[01:01:22.045552] [I] [thread 30024] [NetworkManager.cpp:41] [NetworkManager] NetworkManager: Server started successfully on tcp://127.0.0.1:42437
[01:01:22.047486] [W] [thread 30024] [MonitoringAgent.cpp:95] [getRegistrationMetrics] MonitoringAgent: Metrics disabled. Return empty metric object for registration.
[01:01:22.049783] [W] [thread 30033] [Topology.cpp:669] [toString] No root node found
[01:01:22.049854] [W] [thread 30033] [TopologyManagerService.cpp:51] [registerWorker] TopologyManagerService::registerWorker: worker id 0 either invalid or a node with this id already exists. A new worker id will be assigned.
[01:01:22.050044] [I] [thread 30033] [Topology.cpp:54] [registerTopologyNode] Adding New Node PhysicalNode[id=1, ip=127.0.0.1, resourceCapacity=65535, usedResource=0] to the catalog of nodes.
[01:01:22.053568] [I] [thread 30024] [NesCoordinator.cpp:208] [startCoordinator] CORS: allow origin: *
[01:01:22.054012] [I] [thread 30024] [CoordinatortHealthCheckService.cpp:34] [startHealthCheck] CoordinatorHealthCheckService::startHealthCheck
[01:01:22.054042] [I] [thread 30046] [RestServer.cpp:65] [start] Starting Oatpp Server on 0.0.0.0:8081
[01:01:22.058579] [I] [thread 30046] [RestServer.cpp:180] [run] NebulaStream REST Server listening on port 8081
[01:01:22.058595] [I] [thread 30047] [CoordinatortHealthCheckService.cpp:44] [operator()] NesCoordinator::healthCheck: checking node= 127.0.0.1:35749
[01:01:23.069895] [I] [thread 30047] [CoordinatortHealthCheckService.cpp:44] [operator()] NesCoordinator::healthCheck: checking node= 127.0.0.1:35749
[01:01:24.079980] [I] [thread 30047] [CoordinatortHealthCheckService.cpp:44] [operator()] NesCoordinator::healthCheck: checking node= 127.0.0.1:35749
[01:01:25.090534] [I] [thread 30047] [CoordinatortHealthCheckService.cpp:44] [operator()] NesCoordinator::healthCheck: checking node= 127.0.0.1:35749
[01:01:26.100689] [I] [thread 30047] [CoordinatortHealthCheckService.cpp:44] [operator()] NesCoordinator::healthCheck: checking node= 127.0.0.1:35749
[01:01:27.110838] [I] [thread 30047] [CoordinatortHealthCheckService.cpp:44] [operator()] NesCoordinator::healthCheck: checking node= 127.0.0.1:35749
[01:01:28.121080] [I] [thread 30047] [CoordinatortHealthCheckService.cpp:44] [operator()] NesCoordinator::healthCheck: checking node= 127.0.0.1:35749
[01:01:29.132289] [I] [thread 30047] [CoordinatortHealthCheckService.cpp:44] [operator()] NesCoordinator::healthCheck: checking node= 127.0.0.1:35749
[01:01:30.142296] [I] [thread 30047] [CoordinatortHealthCheckService.cpp:44] [operator()] NesCoordinator::healthCheck: checking node= 127.0.0.1:35749
[01:01:31.152200] [I] [thread 30047] [CoordinatortHealthCheckService.cpp:44] [operator()] NesCoordinator::healthCheck: checking node= 127.0.0.1:35749
[01:01:32.162861] [I] [thread 30047] [CoordinatortHealthCheckService.cpp:44] [operator()] NesCoordinator::healthCheck: checking node= 127.0.0.1:35749
[01:01:33.174605] [I] [thread 30047] [CoordinatortHealthCheckService.cpp:44] [operator()] NesCoordinator::healthCheck: checking node= 127.0.0.1:35749
[01:01:34.185097] [I] [thread 30047] [CoordinatortHealthCheckService.cpp:44] [operator()] NesCoordinator::healthCheck: checking node= 127.0.0.1:35749
[01:01:35.195614] [I] [thread 30047] [CoordinatortHealthCheckService.cpp:44] [operator()] NesCoordinator::healthCheck: checking node= 127.0.0.1:35749
[01:01:36.206049] [I] [thread 30047] [CoordinatortHealthCheckService.cpp:44] [operator()] NesCoordinator::healthCheck: checking node= 127.0.0.1:35749
[01:01:37.216454] [I] [thread 30047] [CoordinatortHealthCheckService.cpp:44] [operator()] NesCoordinator::healthCheck: checking node= 127.0.0.1:35749
[01:01:38.227113] [I] [thread 30047] [CoordinatortHealthCheckService.cpp:44] [operator()] NesCoordinator::healthCheck: checking node= 127.0.0.1:35749
[01:01:39.237129] [I] [thread 30047] [CoordinatortHealthCheckService.cpp:44] [operator()] NesCoordinator::healthCheck: checking node= 127.0.0.1:35749
[01:01:40.247076] [I] [thread 30047] [CoordinatortHealthCheckService.cpp:44] [operator()] NesCoordinator::healthCheck: checking node= 127.0.0.1:35749
[01:01:41.257301] [I] [thread 30047] [CoordinatortHealthCheckService.cpp:44] [operator()] NesCoordinator::healthCheck: checking node= 127.0.0.1:35749
[01:01:42.267646] [I] [thread 30047] [CoordinatortHealthCheckService.cpp:44] [operator()] NesCoordinator::healthCheck: checking node= 127.0.0.1:35749
[01:01:43.278118] [I] [thread 30047] [CoordinatortHealthCheckService.cpp:44] [operator()] NesCoordinator::healthCheck: checking node= 127.0.0.1:35749
[01:01:44.289533] [I] [thread 30047] [CoordinatortHealthCheckService.cpp:44] [operator()] NesCoordinator::healthCheck: checking node= 127.0.0.1:35749
[01:01:45.299725] [I] [thread 30047] [CoordinatortHealthCheckService.cpp:44] [operator()] NesCoordinator::healthCheck: checking node= 127.0.0.1:35749
[01:01:46.311044] [I] [thread 30047] [CoordinatortHealthCheckService.cpp:44] [operator()] NesCoordinator::healthCheck: checking node= 127.0.0.1:35749
[01:01:47.321699] [I] [thread 30047] [CoordinatortHealthCheckService.cpp:44] [operator()] NesCoordinator::healthCheck: checking node= 127.0.0.1:35749
[01:01:48.331805] [I] [thread 30047] [CoordinatortHealthCheckService.cpp:44] [operator()] NesCoordinator::healthCheck: checking node= 127.0.0.1:35749
[01:01:49.342483] [I] [thread 30047] [CoordinatortHealthCheckService.cpp:44] [operator()] NesCoordinator::healthCheck: checking node= 127.0.0.1:35749
[01:01:50.353264] [I] [thread 30047] [CoordinatortHealthCheckService.cpp:44] [operator()] NesCoordinator::healthCheck: checking node= 127.0.0.1:35749
[01:01:51.363597] [I] [thread 30047] [CoordinatortHealthCheckService.cpp:44] [operator()] NesCoordinator::healthCheck: checking node= 127.0.0.1:35749
[01:01:52.373964] [I] [thread 30047] [CoordinatortHealthCheckService.cpp:44] [operator()] NesCoordinator::healthCheck: checking node= 127.0.0.1:35749
[01:01:53.385051] [I] [thread 30047] [CoordinatortHealthCheckService.cpp:44] [operator()] NesCoordinator::healthCheck: checking node= 127.0.0.1:35749
[01:01:54.395933] [I] [thread 30047] [CoordinatortHealthCheckService.cpp:44] [operator()] NesCoordinator::healthCheck: checking node= 127.0.0.1:35749
[01:01:55.407137] [I] [thread 30047] [CoordinatortHealthCheckService.cpp:44] [operator()] NesCoordinator::healthCheck: checking node= 127.0.0.1:35749
[01:01:56.417904] [I] [thread 30047] [CoordinatortHealthCheckService.cpp:44] [operator()] NesCoordinator::healthCheck: checking node= 127.0.0.1:35749
[01:01:57.429229] [I] [thread 30047] [CoordinatortHealthCheckService.cpp:44] [operator()] NesCoordinator::healthCheck: checking node= 127.0.0.1:35749
[01:01:58.439299] [I] [thread 30047] [CoordinatortHealthCheckService.cpp:44] [operator()] NesCoordinator::healthCheck: checking node= 127.0.0.1:35749
[01:01:59.449667] [I] [thread 30047] [CoordinatortHealthCheckService.cpp:44] [operator()] NesCoordinator::healthCheck: checking node= 127.0.0.1:35749
[01:02:00.459775] [I] [thread 30047] [CoordinatortHealthCheckService.cpp:44] [operator()] NesCoordinator::healthCheck: checking node= 127.0.0.1:35749
[01:02:01.469865] [I] [thread 30047] [CoordinatortHealthCheckService.cpp:44] [operator()] NesCoordinator::healthCheck: checking node= 127.0.0.1:35749
[01:02:02.479906] [I] [thread 30047] [CoordinatortHealthCheckService.cpp:44] [operator()] NesCoordinator::healthCheck: checking node= 127.0.0.1:35749
[01:02:03.490629] [I] [thread 30047] [CoordinatortHealthCheckService.cpp:44] [operator()] NesCoordinator::healthCheck: checking node= 127.0.0.1:35749
