Settings: 
numBuffers: 10000
numThreads: 1
numCampaings: 1
time=0.202653 rec/sec=2.56596e+06 processd Buffers=10000 processd tuples=520000 threads=1 campaigns=1
Mar 15 2019 17:35:50 IOTDB:64 [0x7efd3179a780] [INFO] : Final Window Result:
print
Mar 15 2019 17:35:50 IOTDB:47 [0x7efd3179a780] [INFO] : Hash Table Content with window 1:
Mar 15 2019 17:35:50 IOTDB:51 [0x7efd3179a780] [INFO] : id=0 cnt=110000
Mar 15 2019 17:35:50 IOTDB:54 [0x7efd3179a780] [INFO] : Hash Table Content with window 2:
Settings: 
numBuffers: 10000
numThreads: 1
numCampaings: 10
time=0.210039 rec/sec=2.47573e+06 processd Buffers=10000 processd tuples=520000 threads=1 campaigns=10
Mar 15 2019 17:35:50 IOTDB:64 [0x7fa613adc780] [INFO] : Final Window Result:
print
Mar 15 2019 17:35:50 IOTDB:47 [0x7fa613adc780] [INFO] : Hash Table Content with window 1:
Mar 15 2019 17:35:50 IOTDB:51 [0x7fa613adc780] [INFO] : id=0 cnt=70000
Mar 15 2019 17:35:50 IOTDB:51 [0x7fa613adc780] [INFO] : id=2 cnt=70000
Mar 15 2019 17:35:50 IOTDB:51 [0x7fa613adc780] [INFO] : id=3 cnt=40000
Mar 15 2019 17:35:50 IOTDB:54 [0x7fa613adc780] [INFO] : Hash Table Content with window 2:
Settings: 
numBuffers: 10000
numThreads: 1
numCampaings: 100
time=0.194813 rec/sec=2.66922e+06 processd Buffers=10000 processd tuples=520000 threads=1 campaigns=100
Mar 15 2019 17:35:51 IOTDB:64 [0x7fb8cc318780] [INFO] : Final Window Result:
print
Mar 15 2019 17:35:51 IOTDB:47 [0x7fb8cc318780] [INFO] : Hash Table Content with window 1:
Mar 15 2019 17:35:51 IOTDB:51 [0x7fb8cc318780] [INFO] : id=0 cnt=30000
Mar 15 2019 17:35:51 IOTDB:51 [0x7fb8cc318780] [INFO] : id=7 cnt=40000
Mar 15 2019 17:35:51 IOTDB:51 [0x7fb8cc318780] [INFO] : id=8 cnt=40000
Mar 15 2019 17:35:51 IOTDB:51 [0x7fb8cc318780] [INFO] : id=9 cnt=70000
Mar 15 2019 17:35:51 IOTDB:54 [0x7fb8cc318780] [INFO] : Hash Table Content with window 2:
Settings: 
numBuffers: 10000
numThreads: 1
numCampaings: 1000
time=0.200817 rec/sec=2.58942e+06 processd Buffers=10000 processd tuples=520000 threads=1 campaigns=1000
Mar 15 2019 17:35:51 IOTDB:64 [0x7f502acc9780] [INFO] : Final Window Result:
print
Mar 15 2019 17:35:51 IOTDB:47 [0x7f502acc9780] [INFO] : Hash Table Content with window 1:
Mar 15 2019 17:35:51 IOTDB:51 [0x7f502acc9780] [INFO] : id=4 cnt=30000
Mar 15 2019 17:35:51 IOTDB:51 [0x7f502acc9780] [INFO] : id=5 cnt=30000
Mar 15 2019 17:35:51 IOTDB:51 [0x7f502acc9780] [INFO] : id=6 cnt=120000
Mar 15 2019 17:35:51 IOTDB:54 [0x7f502acc9780] [INFO] : Hash Table Content with window 2:
Settings: 
numBuffers: 10000
numThreads: 1
numCampaings: 10000
time=2.06672 rec/sec=251606 processd Buffers=10000 processd tuples=520000 threads=1 campaigns=10000
Mar 15 2019 17:35:53 IOTDB:64 [0x7fd3ab13c780] [INFO] : Final Window Result:
print
Mar 15 2019 17:35:53 IOTDB:47 [0x7fd3ab13c780] [INFO] : Hash Table Content with window 1:
Mar 15 2019 17:35:53 IOTDB:51 [0x7fd3ab13c780] [INFO] : id=1 cnt=40000
Mar 15 2019 17:35:53 IOTDB:51 [0x7fd3ab13c780] [INFO] : id=2 cnt=30000
Mar 15 2019 17:35:53 IOTDB:51 [0x7fd3ab13c780] [INFO] : id=3 cnt=70000
Mar 15 2019 17:35:53 IOTDB:51 [0x7fd3ab13c780] [INFO] : id=7 cnt=40000
Mar 15 2019 17:35:53 IOTDB:54 [0x7fd3ab13c780] [INFO] : Hash Table Content with window 2:
